% ruby space.rb display public5.in 
----------------------------------------
Earth         Kirk McCoy 
Vulcan        Spock 
Romulus       
----------------------------------------
Enterprise docking at Earth
----------------------------------------
Earth         Kirk McCoy 
  Enterprise   
Vulcan        Spock 
Romulus       
----------------------------------------
McCoy boarding Enterprise at Earth
----------------------------------------
Earth         Kirk 
  Enterprise   McCoy 
Vulcan        Spock 
Romulus       
----------------------------------------
Kirk boarding Enterprise at Earth
----------------------------------------
Earth         
  Enterprise   Kirk McCoy 
Vulcan        Spock 
Romulus       
----------------------------------------
Voyager docking at Earth
----------------------------------------
Earth         
  Enterprise   Kirk McCoy 
  Voyager      
Vulcan        Spock 
Romulus       
----------------------------------------
Enterprise departing from Earth
----------------------------------------
Earth         
  Voyager      
Vulcan        Spock 
Romulus       
----------------------------------------
Voyager departing from Earth
----------------------------------------
Earth         
Vulcan        Spock 
Romulus       
----------------------------------------
Enterprise docking at Vulcan
----------------------------------------
Earth         
Vulcan        Spock 
  Enterprise   Kirk McCoy 
Romulus       
----------------------------------------
Kirk departing Enterprise at Vulcan
----------------------------------------
Earth         
Vulcan        Kirk Spock 
  Enterprise   McCoy 
Romulus       
----------------------------------------
Enterprise departing from Vulcan
----------------------------------------
Earth         
Vulcan        Kirk Spock 
Romulus       
----------------------------------------
Voyager docking at Vulcan
----------------------------------------
Earth         
Vulcan        Kirk Spock 
  Voyager      
Romulus       
----------------------------------------
Kirk boarding Voyager at Vulcan
----------------------------------------
Earth         
Vulcan        Spock 
  Voyager      Kirk 
Romulus       
----------------------------------------
Enterprise docking at Romulus
----------------------------------------
Earth         
Vulcan        Spock 
  Voyager      Kirk 
Romulus       
  Enterprise   McCoy 
----------------------------------------
McCoy departing Enterprise at Romulus
----------------------------------------
Earth         
Vulcan        Spock 
  Voyager      Kirk 
Romulus       McCoy 
  Enterprise   
----------------------------------------
Voyager departing from Vulcan
----------------------------------------
Earth         
Vulcan        Spock 
Romulus       McCoy 
  Enterprise   
----------------------------------------
Enterprise departing from Romulus
----------------------------------------
Earth         
Vulcan        Spock 
Romulus       McCoy 
----------------------------------------
Voyager docking at Romulus
----------------------------------------
Earth         
Vulcan        Spock 
Romulus       McCoy 
  Voyager      Kirk 
----------------------------------------
Enterprise docking at Earth
----------------------------------------
Earth         
  Enterprise   
Vulcan        Spock 
Romulus       McCoy 
  Voyager      Kirk 
----------------------------------------
Voyager departing from Romulus
----------------------------------------
Earth         
  Enterprise   
Vulcan        Spock 
Romulus       McCoy 
----------------------------------------
Enterprise departing from Earth
----------------------------------------
Earth         
Vulcan        Spock 
Romulus       McCoy 
----------------------------------------
Voyager docking at Earth
----------------------------------------
Earth         
  Voyager      Kirk 
Vulcan        Spock 
Romulus       McCoy 
----------------------------------------
Kirk departing Voyager at Earth
----------------------------------------
Earth         Kirk 
  Voyager      
Vulcan        Spock 
Romulus       McCoy 
----------------------------------------
Enterprise docking at Vulcan
----------------------------------------
Earth         Kirk 
  Voyager      
Vulcan        Spock 
  Enterprise   
Romulus       McCoy 
----------------------------------------
Spock boarding Enterprise at Vulcan
----------------------------------------
Earth         Kirk 
  Voyager      
Vulcan        
  Enterprise   Spock 
Romulus       McCoy 
----------------------------------------
Voyager departing from Earth
----------------------------------------
Earth         Kirk 
Vulcan        
  Enterprise   Spock 
Romulus       McCoy 
----------------------------------------
Enterprise departing from Vulcan
----------------------------------------
Earth         Kirk 
Vulcan        
Romulus       McCoy 
----------------------------------------
Voyager docking at Vulcan
----------------------------------------
Earth         Kirk 
Vulcan        
  Voyager      
Romulus       McCoy 
----------------------------------------
Enterprise docking at Romulus
----------------------------------------
Earth         Kirk 
Vulcan        
  Voyager      
Romulus       McCoy 
  Enterprise   Spock 
----------------------------------------
Voyager departing from Vulcan
----------------------------------------
Earth         Kirk 
Vulcan        
Romulus       McCoy 
  Enterprise   Spock 
----------------------------------------
Enterprise departing from Romulus
----------------------------------------
Earth         Kirk 
Vulcan        
Romulus       McCoy 
----------------------------------------
Voyager docking at Romulus
----------------------------------------
Earth         Kirk 
Vulcan        
Romulus       McCoy 
  Voyager      
----------------------------------------
Enterprise docking at Earth
----------------------------------------
Earth         Kirk 
  Enterprise   Spock 
Vulcan        
Romulus       McCoy 
  Voyager      
----------------------------------------
Spock departing Enterprise at Earth
----------------------------------------
Earth         Kirk Spock 
  Enterprise   
Vulcan        
Romulus       McCoy 
  Voyager      
----------------------------------------
Voyager departing from Romulus
----------------------------------------
Earth         Kirk Spock 
  Enterprise   
Vulcan        
Romulus       McCoy 
----------------------------------------
Enterprise departing from Earth
----------------------------------------
Earth         Kirk Spock 
Vulcan        
Romulus       McCoy 
----------------------------------------
Voyager docking at Earth
----------------------------------------
Earth         Kirk Spock 
  Voyager      
Vulcan        
Romulus       McCoy 
----------------------------------------
Spock boarding Voyager at Earth
----------------------------------------
Earth         Kirk 
  Voyager      Spock 
Vulcan        
Romulus       McCoy 
----------------------------------------
Enterprise docking at Vulcan
----------------------------------------
Earth         Kirk 
  Voyager      Spock 
Vulcan        
  Enterprise   
Romulus       McCoy 
----------------------------------------
Voyager departing from Earth
----------------------------------------
Earth         Kirk 
Vulcan        
  Enterprise   
Romulus       McCoy 
----------------------------------------
Enterprise departing from Vulcan
----------------------------------------
Earth         Kirk 
Vulcan        
Romulus       McCoy 
----------------------------------------
Voyager docking at Vulcan
----------------------------------------
Earth         Kirk 
Vulcan        
  Voyager      Spock 
Romulus       McCoy 
----------------------------------------
Enterprise docking at Romulus
----------------------------------------
Earth         Kirk 
Vulcan        
  Voyager      Spock 
Romulus       McCoy 
  Enterprise   
----------------------------------------
Voyager departing from Vulcan
----------------------------------------
Earth         Kirk 
Vulcan        
Romulus       McCoy 
  Enterprise   
----------------------------------------
Enterprise departing from Romulus
----------------------------------------
Earth         Kirk 
Vulcan        
Romulus       McCoy 
----------------------------------------
Voyager docking at Romulus
----------------------------------------
Earth         Kirk 
Vulcan        
Romulus       McCoy 
  Voyager      Spock 
----------------------------------------
Spock departing Voyager at Romulus
----------------------------------------
Earth         Kirk 
Vulcan        
Romulus       McCoy Spock 
  Voyager      
----------------------------------------
Enterprise docking at Earth
----------------------------------------
Earth         Kirk 
  Enterprise   
Vulcan        
Romulus       McCoy Spock 
  Voyager      
----------------------------------------
Voyager departing from Romulus
----------------------------------------
Earth         Kirk 
  Enterprise   
Vulcan        
Romulus       McCoy Spock 
----------------------------------------
